<?xml version="1.0" encoding="UTF-8"?>
<!-- Generated by org.testng.reporters.JUnitReportReporter -->
<testsuite skipped="0" hostname="G1-5CD5514ZWH-L" name="Runner.TestRunner" tests="1" failures="0" timestamp="13 Mar 2020 12:41:02 GMT" time="69.178" errors="1">
  <testcase name="feature" time="69.178" classname="Runner.TestRunner">
    <error type="cucumber.runtime.CucumberException" message="java.lang.IllegalStateException: common class= timeout msg element not foundBy.xpath: //img[@src=&#039;/Images/users.png&#039;]">
      <![CDATA[cucumber.runtime.CucumberException: java.lang.IllegalStateException: common class= timeout msg element not foundBy.xpath: //img[@src='/Images/users.png']
at cucumber.api.testng.TestNGCucumberRunner.runCucumber(TestNGCucumberRunner.java:69)
at Runner.TestRunner.feature(TestRunner.java:41)
at sun.reflect.NativeMethodAccessorImpl.invoke0(Native Method)
at sun.reflect.NativeMethodAccessorImpl.invoke(Unknown Source)
at sun.reflect.DelegatingMethodAccessorImpl.invoke(Unknown Source)
at java.lang.reflect.Method.invoke(Unknown Source)
at org.testng.internal.MethodInvocationHelper.invokeMethod(MethodInvocationHelper.java:124)
at org.testng.internal.Invoker.invokeMethod(Invoker.java:583)
at org.testng.internal.Invoker.invokeTestMethod(Invoker.java:719)
at org.testng.internal.Invoker.invokeTestMethods(Invoker.java:989)
at org.testng.internal.TestMethodWorker.invokeTestMethods(TestMethodWorker.java:125)
at org.testng.internal.TestMethodWorker.run(TestMethodWorker.java:109)
at org.testng.TestRunner.privateRun(TestRunner.java:648)
at org.testng.TestRunner.run(TestRunner.java:505)
at org.testng.SuiteRunner.runTest(SuiteRunner.java:455)
at org.testng.SuiteRunner.runSequentially(SuiteRunner.java:450)
at org.testng.SuiteRunner.privateRun(SuiteRunner.java:415)
at org.testng.SuiteRunner.run(SuiteRunner.java:364)
at org.testng.SuiteRunnerWorker.runSuite(SuiteRunnerWorker.java:52)
at org.testng.SuiteRunnerWorker.run(SuiteRunnerWorker.java:84)
at org.testng.TestNG.runSuitesSequentially(TestNG.java:1208)
at org.testng.TestNG.runSuitesLocally(TestNG.java:1137)
at org.testng.TestNG.runSuites(TestNG.java:1049)
at org.testng.TestNG.run(TestNG.java:1017)
at org.testng.remote.AbstractRemoteTestNG.run(AbstractRemoteTestNG.java:114)
at org.testng.remote.RemoteTestNG.initAndRun(RemoteTestNG.java:251)
at org.testng.remote.RemoteTestNG.main(RemoteTestNG.java:77)
Caused by: java.lang.IllegalStateException: common class= timeout msg element not foundBy.xpath: //img[@src='/Images/users.png']
at Util.Common.waitForElementvisible(Common.java:91)
at Stepimplementions.Goto.selftab(Goto.java:32)
at Stepdefinitions.E_Employee_MyDetails.emp_go_to_self_Employee_My_Details_Page_and_click_on_User_icon_for_go_to_emp_demographic_page(E_Employee_MyDetails.java:34)
at âœ½.And emp1 go to self > Employee > My Details Page and click on User icon for go to emp demographic page(Features/E_Employee_MyDetails.feature:5)
]]>
    </error>
  </testcase> <!-- feature -->
</testsuite> <!-- Runner.TestRunner -->
